\BOOKMARK [1][-]{section*.1}{\376\377\000A\000b\000s\000t\000r\000a\000c\000t}{}% 1
\BOOKMARK [1][-]{section.1}{\376\377\000I\000n\000t\000r\000o\000d\000u\000c\000t\000i\000o\000n}{}% 2
\BOOKMARK [1][-]{section.2}{\376\377\000N\000o\000t\000a\000t\000i\000o\000n\000s\000\040\000a\000n\000d\000\040\000f\000o\000r\000m\000a\000l\000i\000s\000m}{}% 3
\BOOKMARK [2][-]{subsection.2.1}{\376\377\000L\000i\000n\000e\000s\000,\000\040\000s\000t\000o\000p\000s\000\040\000a\000n\000d\000\040\000j\000u\000n\000c\000t\000i\000o\000n\000s}{section.2}% 4
\BOOKMARK [2][-]{subsection.2.2}{\376\377\000E\000d\000g\000e\000s\000,\000\040\000t\000r\000i\000p\000s\000,\000\040\000a\000n\000d\000\040\000t\000h\000e\000\040\000i\000n\000c\000i\000d\000e\000n\000c\000e\000\040\000m\000a\000t\000r\000i\000x}{section.2}% 5
\BOOKMARK [2][-]{subsection.2.3}{\376\377\000T\000r\000a\000n\000s\000p\000o\000r\000t\000a\000t\000i\000o\000n\000\040\000f\000l\000o\000w\000s}{section.2}% 6
\BOOKMARK [2][-]{subsection.2.4}{\376\377\000S\000t\000a\000t\000e\000m\000e\000n\000t\000\040\000o\000f\000\040\000t\000h\000e\000\040\000p\000r\000o\000b\000l\000e\000m\000\040\000a\000n\000d\000\040\000s\000o\000l\000u\000t\000i\000o\000n\000\040\000m\000e\000t\000h\000o\000d}{section.2}% 7
\BOOKMARK [3][-]{subsubsection.2.4.1}{\376\377\000M\000a\000x\000i\000m\000u\000m\000\040\000e\000n\000t\000r\000o\000p\000y\000\040\000e\000s\000t\000i\000m\000a\000t\000e\000\040\000o\000f\000\040\000s\000t\000-\000t\000r\000i\000p\000s}{subsection.2.4}% 8
\BOOKMARK [3][-]{subsubsection.2.4.2}{\376\377\000I\000n\000i\000t\000i\000a\000l\000i\000z\000a\000t\000i\000o\000n\000\040\000o\000f\000\040\000t\000h\000e\000\040\000p\000r\000i\000o\000r\000\040\000a\000n\000d\000\040\000t\000h\000e\000\040\000m\000a\000r\000g\000i\000n\000s}{subsection.2.4}% 9
\BOOKMARK [3][-]{subsubsection.2.4.3}{\376\377\000E\000m\000b\000a\000r\000k\000m\000e\000n\000t\000,\000\040\000d\000i\000s\000e\000m\000b\000a\000r\000k\000m\000e\000n\000t\000\040\000c\000o\000n\000s\000t\000r\000a\000i\000n\000t\000s\000\040\000a\000n\000d\000\040\000h\000y\000p\000e\000r\000p\000a\000r\000a\000m\000e\000t\000e\000r\000\040}{subsection.2.4}% 10
\BOOKMARK [3][-]{subsubsection.2.4.4}{\376\377\000U\000p\000d\000a\000t\000i\000n\000g\000\040\000t\000h\000e\000\040\000p\000r\000i\000o\000r\000\040\000d\000i\000s\000t\000r\000i\000b\000u\000t\000i\000o\000n}{subsection.2.4}% 11
\BOOKMARK [3][-]{subsubsection.2.4.5}{\376\377\000U\000p\000d\000a\000t\000i\000n\000g\000\040\000t\000h\000e\000\040\000m\000a\000r\000g\000i\000n\000\040\000d\000i\000s\000t\000r\000i\000b\000u\000t\000i\000o\000n\000s}{subsection.2.4}% 12
\BOOKMARK [2][-]{subsection.2.5}{\376\377\000M\000a\000r\000k\000o\000v\000\040\000p\000r\000o\000p\000e\000r\000t\000y\000\040\000f\000o\000r\000\040\000a\000\040\000s\000i\000n\000g\000l\000e\000\040\000l\000i\000n\000e}{section.2}% 13
\BOOKMARK [1][-]{section.3}{\376\377\000C\000a\000s\000e\000\040\000S\000t\000u\000d\000i\000e\000s}{}% 14
\BOOKMARK [2][-]{subsection.3.1}{\376\377\000E\000r\000r\000o\000r\000\040\000m\000e\000a\000s\000u\000r\000e\000m\000e\000n\000t\000s}{section.3}% 15
\BOOKMARK [2][-]{subsection.3.2}{\376\377\000T\000o\000y\000\040\000E\000x\000a\000m\000p\000l\000e\000s}{section.3}% 16
\BOOKMARK [3][-]{subsubsection.3.2.1}{\376\377\000C\000o\000n\000s\000t\000r\000u\000c\000t\000i\000o\000n}{subsection.3.2}% 17
\BOOKMARK [3][-]{subsubsection.3.2.2}{\376\377\000A\000l\000g\000o\000r\000i\000t\000h\000m\000\040\000i\000t\000e\000r\000a\000t\000i\000o\000n\000s}{subsection.3.2}% 18
\BOOKMARK [3][-]{subsubsection.3.2.3}{\376\377\000M\000T\000E\000\040\000s\000t\000u\000d\000y}{subsection.3.2}% 19
\BOOKMARK [2][-]{subsection.3.3}{\376\377\000R\000e\000a\000l\000\040\000D\000a\000t\000a}{section.3}% 20
\BOOKMARK [3][-]{subsubsection.3.3.1}{\376\377\000T\000h\000e\000\040\000d\000a\000t\000a\000s\000e\000t\000\040\000a\000n\000d\000\040\000a\000l\000g\000o\000r\000i\000t\000h\000m\000\040\000s\000e\000t\000u\000p}{subsection.3.3}% 21
\BOOKMARK [3][-]{subsubsection.3.3.2}{\376\377\000R\000e\000s\000u\000l\000t\000s}{subsection.3.3}% 22
\BOOKMARK [1][-]{section.4}{\376\377\000C\000o\000n\000c\000l\000u\000s\000i\000o\000n}{}% 23
